<?xml version="1.0" encoding="UTF-8"?>
<!-- Generated by org.testng.reporters.JUnitReportReporter -->
<testsuite hostname="Amits-MacBook-Air.local" failures="0" tests="1" name="tests.UserManagementTest" time="3.698" errors="0" timestamp="2025-08-05T16:36:57 IST" skipped="0">
  <testcase classname="tests.UserManagementTest" name="addFormUM" time="3.698"/>
</testsuite> <!-- tests.UserManagementTest -->
