<?xml version="1.0" encoding="UTF-8"?>
<!-- Generated by org.testng.reporters.JUnitReportReporter -->
<testsuite hostname="Amits-MacBook-Air.local" failures="0" tests="4" name="tests.LoginTest" time="13.187" errors="0" timestamp="2025-08-07T12:29:16 IST" skipped="0">
  <testcase classname="tests.LoginTest" name="invalidPasswordTest" time="3.499"/>
  <testcase classname="tests.LoginTest" name="blankEmailAndPassword" time="2.315"/>
  <testcase classname="tests.LoginTest" name="validTestLogin" time="4.216"/>
  <testcase classname="tests.LoginTest" name="invalidEmailTest" time="3.157"/>
</testsuite> <!-- tests.LoginTest -->
