<?xml version="1.0" encoding="UTF-8"?>
<!-- Generated by org.testng.reporters.JUnitReportReporter -->
<testsuite hostname="Amits-MacBook-Air.local" failures="0" tests="4" name="tests.LoginTest" time="14.567" errors="0" timestamp="2025-08-05T16:36:57 IST" skipped="0">
  <testcase classname="tests.LoginTest" name="validTestLogin" time="2.872"/>
  <testcase classname="tests.LoginTest" name="blankEmailAndPassword" time="2.919"/>
  <testcase classname="tests.LoginTest" name="invalidEmailTest" time="4.850"/>
  <testcase classname="tests.LoginTest" name="invalidPasswordTest" time="3.926"/>
</testsuite> <!-- tests.LoginTest -->
